# JRE version: Java(TM) SE Runtime Environment 18.9 (11.0.9+7) (build 11.0.9+7-LTS)
# Java VM: Java HotSpot(TM) 64-Bit Server VM 18.9 (11.0.9+7-LTS, mixed mode, tiered, compressed oops, g1 gc, windows-amd64)
Heap:
 garbage-first heap   total 861184K, used 411648K [0x0000000082200000, 0x0000000100000000)
  region size 1024K, 6 young (6144K), 6 survivors (6144K)
 Metaspace       used 6063K, capacity 6169K, committed 6272K, reserved 1056768K
  class space    used 550K, capacity 585K, committed 640K, reserved 1048576K
GC Heap History (10 events):
Event: 4.947 GC heap after
{Heap after GC invocations=9 (full 0):
 garbage-first heap   total 258048K, used 161792K [0x0000000082200000, 0x0000000100000000)
  region size 1024K, 4 young (4096K), 4 survivors (4096K)
 Metaspace       used 6063K, capacity 6169K, committed 6272K, reserved 1056768K
  class space    used 550K, capacity 585K, committed 640K, reserved 1048576K
}
Event: 5.964 GC heap before
{Heap before GC invocations=10 (full 0):
 garbage-first heap   total 258048K, used 185344K [0x0000000082200000, 0x0000000100000000)
  region size 1024K, 25 young (25600K), 4 survivors (4096K)
 Metaspace       used 6063K, capacity 6169K, committed 6272K, reserved 1056768K
  class space    used 550K, capacity 585K, committed 640K, reserved 1048576K
}
Event: 6.034 GC heap after
{Heap after GC invocations=11 (full 0):
 garbage-first heap   total 560128K, used 186880K [0x0000000082200000, 0x0000000100000000)
  region size 1024K, 4 young (4096K), 4 survivors (4096K)
 Metaspace       used 6063K, capacity 6169K, committed 6272K, reserved 1056768K
  class space    used 550K, capacity 585K, committed 640K, reserved 1048576K
}
Event: 7.399 GC heap before
{Heap before GC invocations=11 (full 0):
 garbage-first heap   total 560128K, used 269824K [0x0000000082200000, 0x0000000100000000)
  region size 1024K, 32 young (32768K), 4 survivors (4096K)
 Metaspace       used 6063K, capacity 6169K, committed 6272K, reserved 1056768K
  class space    used 550K, capacity 585K, committed 640K, reserved 1048576K
}
Event: 7.511 GC heap after
{Heap after GC invocations=12 (full 0):
 garbage-first heap   total 560128K, used 270336K [0x0000000082200000, 0x0000000100000000)
  region size 1024K, 4 young (4096K), 4 survivors (4096K)
 Metaspace       used 6063K, capacity 6169K, committed 6272K, reserved 1056768K
  class space    used 550K, capacity 585K, committed 640K, reserved 1048576K
}
Event: 9.305 GC heap before
{Heap before GC invocations=12 (full 0):
 garbage-first heap   total 560128K, used 310272K [0x0000000082200000, 0x0000000100000000)
  region size 1024K, 43 young (44032K), 4 survivors (4096K)
 Metaspace       used 6063K, capacity 6169K, committed 6272K, reserved 1056768K
  class space    used 550K, capacity 585K, committed 640K, reserved 1048576K
}
Event: 9.407 GC heap after
{Heap after GC invocations=13 (full 0):
 garbage-first heap   total 560128K, used 311296K [0x0000000082200000, 0x0000000100000000)
  region size 1024K, 6 young (6144K), 6 survivors (6144K)
 Metaspace       used 6063K, capacity 6169K, committed 6272K, reserved 1056768K
  class space    used 550K, capacity 585K, committed 640K, reserved 1048576K
}
Event: 11.218 GC heap before
{Heap before GC invocations=14 (full 0):
 garbage-first heap   total 560128K, used 368640K [0x0000000082200000, 0x0000000100000000)
  region size 1024K, 42 young (43008K), 6 survivors (6144K)
 Metaspace       used 6063K, capacity 6169K, committed 6272K, reserved 1056768K
  class space    used 550K, capacity 585K, committed 640K, reserved 1048576K
}
Event: 11.334 GC heap after
{Heap after GC invocations=15 (full 0):
 garbage-first heap   total 560128K, used 369664K [0x0000000082200000, 0x0000000100000000)
  region size 1024K, 6 young (6144K), 6 survivors (6144K)
 Metaspace       used 6063K, capacity 6169K, committed 6272K, reserved 1056768K
  class space    used 550K, capacity 585K, committed 640K, reserved 1048576K
}
Event: 13.164 GC heap before
{Heap before GC invocations=15 (full 0):
 garbage-first heap   total 560128K, used 410624K [0x0000000082200000, 0x0000000100000000)
  region size 1024K, 46 young (47104K), 6 survivors (6144K)
 Metaspace       used 6063K, capacity 6169K, committed 6272K, reserved 1056768K
  class space    used 550K, capacity 585K, committed 640K, reserved 1048576K
}

